android/app/build/intermediates/manifest_merge_blame_file/release/manifest-merger-blame-release-report.txt
1<?xml version="1.0" encoding="utf-8"?>
2<manifest xmlns:android="http://schemas.android.com/apk/res/android"
3    package="com.winngooapp"
4    android:versionCode="1"
5    android:versionName="1.0" >
6
7    <uses-sdk
8        android:minSdkVersion="21"
8-->src/main/AndroidManifest.xml
9        android:targetSdkVersion="31" />
9-->src/main/AndroidManifest.xml
10
11    <uses-permission android:name="android.permission.INTERNET" />
11-->src/main/AndroidManifest.xml:4:5-67
11-->src/main/AndroidManifest.xml:4:22-64
12    <uses-permission android:name="android.permission.ACCESS_NETWORK_STATE" />
12-->[:react-native-community_netinfo] AndroidManifest.xml:9:5-79
12-->[:react-native-community_netinfo] AndroidManifest.xml:9:22-76
13    <uses-permission android:name="android.permission.ACCESS_WIFI_STATE" />
13-->[:react-native-community_netinfo] AndroidManifest.xml:10:5-76
13-->[:react-native-community_netinfo] AndroidManifest.xml:10:22-73
14
15    <application
15-->src/main/AndroidManifest.xml:6:5-25:19
16        android:name="com.winngooapp.MainApplication"
16-->src/main/AndroidManifest.xml:7:7-38
17        android:allowBackup="false"
17-->src/main/AndroidManifest.xml:11:7-34
18        android:appComponentFactory="androidx.core.app.CoreComponentFactory"
18-->[androidx.core:core:1.7.0] AndroidManifest.xml:24:18-86
19        android:icon="@mipmap/logoicon"
19-->src/main/AndroidManifest.xml:9:7-38
20        android:label="@string/app_name"
20-->src/main/AndroidManifest.xml:8:7-39
21        android:roundIcon="@mipmap/logoicon"
21-->src/main/AndroidManifest.xml:10:7-43
22        android:theme="@style/AppTheme" >
22-->src/main/AndroidManifest.xml:12:7-38
23        <activity
23-->src/main/AndroidManifest.xml:13:7-24:18
24            android:name="com.winngooapp.MainActivity"
24-->src/main/AndroidManifest.xml:14:9-37
25            android:configChanges="keyboard|keyboardHidden|orientation|screenLayout|screenSize|smallestScreenSize|uiMode"
25-->src/main/AndroidManifest.xml:16:9-118
26            android:exported="true"
26-->src/main/AndroidManifest.xml:19:9-32
27            android:label="@string/app_name"
27-->src/main/AndroidManifest.xml:15:9-41
28            android:launchMode="singleTask"
28-->src/main/AndroidManifest.xml:17:9-40
29            android:windowSoftInputMode="adjustResize" >
29-->src/main/AndroidManifest.xml:18:9-51
30            <intent-filter>
30-->src/main/AndroidManifest.xml:20:9-23:25
31                <action android:name="android.intent.action.MAIN" />
31-->src/main/AndroidManifest.xml:21:13-65
31-->src/main/AndroidManifest.xml:21:21-62
32
33                <category android:name="android.intent.category.LAUNCHER" />
33-->src/main/AndroidManifest.xml:22:13-73
33-->src/main/AndroidManifest.xml:22:23-70
34            </intent-filter>
35        </activity>
36
37        <provider
37-->[:react-native-image-picker] AndroidManifest.xml:10:9-18:20
38            android:name="com.imagepicker.ImagePickerProvider"
38-->[:react-native-image-picker] AndroidManifest.xml:11:13-63
39            android:authorities="com.winngooapp.imagepickerprovider"
39-->[:react-native-image-picker] AndroidManifest.xml:12:13-71
40            android:exported="false"
40-->[:react-native-image-picker] AndroidManifest.xml:13:13-37
41            android:grantUriPermissions="true" >
41-->[:react-native-image-picker] AndroidManifest.xml:14:13-47
42            <meta-data
42-->[:react-native-image-picker] AndroidManifest.xml:15:13-17:70
43                android:name="android.support.FILE_PROVIDER_PATHS"
43-->[:react-native-image-picker] AndroidManifest.xml:16:17-67
44                android:resource="@xml/imagepicker_provider_paths" />
44-->[:react-native-image-picker] AndroidManifest.xml:17:17-67
45        </provider>
46        <provider
46-->[:react-native-webview] AndroidManifest.xml:10:9-18:20
47            android:name="com.reactnativecommunity.webview.RNCWebViewFileProvider"
47-->[:react-native-webview] AndroidManifest.xml:11:13-83
48            android:authorities="com.winngooapp.fileprovider"
48-->[:react-native-webview] AndroidManifest.xml:12:13-64
49            android:exported="false"
49-->[:react-native-webview] AndroidManifest.xml:13:13-37
50            android:grantUriPermissions="true" >
50-->[:react-native-webview] AndroidManifest.xml:14:13-47
51            <meta-data
51-->[:react-native-image-picker] AndroidManifest.xml:15:13-17:70
52                android:name="android.support.FILE_PROVIDER_PATHS"
52-->[:react-native-image-picker] AndroidManifest.xml:16:17-67
53                android:resource="@xml/file_provider_paths" />
53-->[:react-native-image-picker] AndroidManifest.xml:17:17-67
54        </provider>
55        <provider
55-->[androidx.emoji2:emoji2:1.0.0] AndroidManifest.xml:26:9-34:20
56            android:name="androidx.startup.InitializationProvider"
56-->[androidx.emoji2:emoji2:1.0.0] AndroidManifest.xml:27:13-67
57            android:authorities="com.winngooapp.androidx-startup"
57-->[androidx.emoji2:emoji2:1.0.0] AndroidManifest.xml:28:13-68
58            android:exported="false" >
58-->[androidx.emoji2:emoji2:1.0.0] AndroidManifest.xml:29:13-37
59            <meta-data
59-->[androidx.emoji2:emoji2:1.0.0] AndroidManifest.xml:31:13-33:52
60                android:name="androidx.emoji2.text.EmojiCompatInitializer"
60-->[androidx.emoji2:emoji2:1.0.0] AndroidManifest.xml:32:17-75
61                android:value="androidx.startup" />
61-->[androidx.emoji2:emoji2:1.0.0] AndroidManifest.xml:33:17-49
62            <meta-data
62-->[androidx.lifecycle:lifecycle-process:2.4.0] AndroidManifest.xml:31:13-33:52
63                android:name="androidx.lifecycle.ProcessLifecycleInitializer"
63-->[androidx.lifecycle:lifecycle-process:2.4.0] AndroidManifest.xml:32:17-78
64                android:value="androidx.startup" />
64-->[androidx.lifecycle:lifecycle-process:2.4.0] AndroidManifest.xml:33:17-49
65        </provider>
66    </application>
67
68</manifest>